@1 q
@2 
@3 p
@4 
@5 
@6 
@7 
@8 s
@9 
@10 p
@11 
@12 
@13 
@14 
@15 s
@16 
@17 p
@18 
@19 
@20 
@21 
@22 
@23 
@24 
@25 
@26 s
@27 
@28 p
@29 
@30 
@31 
@32 
@33 
@34 
@35 s
@36 
@37 p
@38 
@39 
@40 
@41 
@42 
@43 
@44 
@45 
@46 
@47 s
@48 
@49 p
@50 
@51 
@52 
@53 s
@54 
@55 r
@56 q
@57 
@58 p
@59 
@60 
@61 
@62 
@63 
@64 
@65 s
@66 
@67 p
@68 
@69 
@70 
@71 
@72 s
@73 
@74 p
@75 
@76 
@77 
@78 
@79 
@80 
@81 s
@82 
@83 r
@84 q
@85 
@86 p
@87 
@88 
@89 
@90 
@91 
@92 s
@93 
@94 p
@95 
@96 
@97 
@98 
@99 
@100 
@101 
@102 
@103 s
@104 
@105 p
@106 
@107 
@108 
@109 
@110 
@111 
@112 
@113 
@114 
@115 s
@116 
@117 p
@118 
@119 
@120 
@121 
@122 
@123 
@124 
@125 
@126 s
@127 
@128 p
@129 
@130 
@131 
@132 
@133 
@134 
@135 s
@136 
@137 p
@138 
@139 
@140 
@141 
@142 
@143 
@144 
@145 
@146 s
@147 
@148 p
@149 
@150 
@151 
@152 
@153 
@154 
@155 
@156 
@157 s
@158 
@159 r
@160 q
@161 
@162 p
@163 
@164 
@165 
@166 s
@167 
@168 p
@169 
@170 
@171 
@172 
@173 
@174 
@175 
@176 
@177 
@178 s
@179 
@180 p
@181 
@182 
@183 
@184 s
@185 
@186 p
@187 
@188 
@189 
@190 
@191 
@192 
@193 
@194 
@195 s
@196 
@197 p
@198 
@199 
@200 
@201 
@202 
@203 
@204 
@205 
@206 s
@207 
@208 p
@209 
@210 
@211 
@212 
@213 s
@214 
@215 r
@216 q
@217 
@218 p
@219 
@220 
@221 
@222 s
@223 
@224 p
@225 
@226 
@227 
@228 
@229 
@230 
@231 
@232 
@233 s
@234 
@235 p
@236 
@237 
@238 
@239 s
@240 
@241 r
@242 q
@243 
@244 p
@245 
@246 
@247 
@248 
@249 
@250 
@251 s
@252 
@253 p
@254 
@255 
@256 
@257 s
@258 
@259 p
@260 
@261 
@262 
@263 
@264 
@265 
@266 
@267 
@268 s
@269 
@270 r
@271 q
@272 
@273 p
@274 
@275 
@276 
@277 
@278 s
@279 
@280 p
@281 
@282 
@283 
@284 
@285 
@286 
@287 
@288 
@289 
@290 s
@291 
@292 p
@293 
@294 
@295 
@296 
@297 
@298 
@299 
@300 
@301 
@302 s
@303 
@304 r
@305 q
@306 
@307 p
@308 
@309 
@310 
@311 
@312 
@313 
@314 
@315 
@316 s
@317 
@318 p
@319 
@320 
@321 
@322 
@323 s
@324 
@325 p
@326 
@327 
@328 
@329 
@330 s
@331 
@332 p
@333 
@334 
@335 
@336 
@337 s
@338 
@339 r
@340 q
@341 
@342 p
@343 
@344 
@345 
@346 
@347 
@348 
@349 
@350 
@351 
@352 s
@353 
@354 p
@355 
@356 
@357 
@358 
@359 
@360 
@361 s
@362 
@363 p
@364 
@365 
@366 
@367 
@368 s
@369 
@370 r
@371 q
@372 
@373 p
@374 
@375 
@376 
@377 
@378 
@379 s
@380 
@381 p
@382 
@383 
@384 
@385 
@386 
@387 
@388 
@389 
@390 
@391 s
@392 
@393 p
@394 
@395 
@396 
@397 
@398 s
@399 
@400 p
@401 
@402 
@403 
@404 
@405 
@406 
@407 
@408 s
@409 
@410 p
@411 
@412 
@413 
@414 
@415 
@416 s
@417 
@418 p
@419 
@420 
@421 
@422 s
@423 
@424 p
@425 
@426 
@427 
@428 
@429 s
@430 
@431 r
@432 q
@433 
@434 p
@435 
@436 
@437 
@438 s
@439 
@440 p
@441 
@442 
@443 
@444 
@445 
@446 
@447 s
@448 
@449 p
@450 
@451 
@452 
@453 
@454 
@455 
@456 
@457 
@458 s
@459 
@460 r
@461 q
@462 
@463 p
@464 
@465 
@466 
@467 
@468 
@469 
@470 s
@471 
@472 p
@473 
@474 
@475 
@476 
@477 
@478 
@479 s
@480 
@481 p
@482 
@483 
@484 
@485 
@486 s
@487 
@488 p
@489 
@490 
@491 
@492 
@493 
@494 
@495 s
@496 
@497 p
@498 
@499 
@500 
@501 
@502 s
@503 
@504 r
@505 q
@506 
@507 p
@508 
@509 
@510 
@511 
@512 
@513 s
@514 
@515 p
@516 
@517 
@518 
@519 
@520 
@521 
@522 
@523 
@524 
@525 s
@526 
@527 p
@528 
@529 
@530 
@531 
@532 
@533 s
@534 
@535 p
@536 
@537 
@538 
@539 
@540 
@541 
@542 s
@543 
@544 r
@545 q
@546 
@547 p
@548 
@549 
@550 
@551 
@552 
@553 
@554 s
@555 
@556 p
@557 
@558 
@559 
@560 
@561 
@562 
@563 s
@564 
@565 p
@566 
@567 
@568 
@569 s
@570 
@571 r
@572 q
@573 
@574 p
@575 
@576 
@577 
@578 
@579 
@580 
@581 
@582 s
@583 
@584 p
@585 
@586 
@587 
@588 
@589 
@590 
@591 
@592 
@593 s
@594 
@595 p
@596 
@597 
@598 
@599 
@600 
@601 
@602 
@603 
@604 
@605 s
@606 
@607 p
@608 
@609 
@610 
@611 
@612 
@613 
@614 s
@615 
@616 r
@617 q
@618 
@619 p
@620 
@621 
@622 
@623 
@624 
@625 
@626 s
@627 
@628 p
@629 
@630 
@631 
@632 
@633 
@634 
@635 s
@636 
@637 p
@638 
@639 
@640 
@641 
@642 
@643 s
@644 
@645 r
@646 q
@647 
@648 p
@649 
@650 
@651 
@652 
@653 s
@654 
@655 p
@656 
@657 
@658 
@659 
@660 
@661 
@662 s
@663 
@664 p
@665 
@666 
@667 
@668 
@669 
@670 
@671 
@672 
@673 
@674 s
@675 
@676 p
@677 
@678 
@679 
@680 
@681 s
@682 
@683 p
@684 
@685 
@686 
@687 
@688 
@689 
@690 s
@691 
@692 r
@693 q
@694 
@695 p
@696 
@697 
@698 
@699 
@700 
@701 
@702 
@703 
@704 
@705 s
@706 
@707 p
@708 
@709 
@710 
@711 
@712 
@713 
@714 
@715 
@716 s
@717 
@718 p
@719 
@720 
@721 
@722 
@723 
@724 
@725 s
@726 
@727 p
@728 
@729 
@730 
@731 
@732 
@733 
@734 s
@735 
@736 p
@737 
@738 
@739 
@740 
@741 
@742 s
@743 
@744 r
@745 q
@746 
@747 p
@748 
@749 
@750 
@751 
@752 
@753 s
@754 
@755 r
@756 q
@757 
@758 p
@759 
@760 
@761 
@762 
@763 s
@764 
@765 p
@766 
@767 
@768 
@769 
@770 
@771 
@772 
@773 
@774 
@775 s
@776 
@777 p
@778 
@779 
@780 
@781 
@782 
@783 s
@784 
@785 p
@786 
@787 
@788 
@789 
@790 
@791 
@792 
@793 
@794 s
@795 
@796 p
@797 
@798 
@799 
@800 
@801 
@802 
@803 
@804 
@805 
@806 s
@807 
@808 p
@809 
@810 
@811 
@812 
@813 s
@814 
@815 p
@816 
@817 
@818 
@819 
@820 
@821 
@822 
@823 
@824 s
@825 
@826 r
@827 q
@828 
@829 p
@830 
@831 
@832 
@833 s
@834 
@835 p
@836 
@837 
@838 
@839 
@840 
@841 
@842 s
@843 
@844 r
@845 q
@846 
@847 p
@848 
@849 
@850 
@851 
@852 
@853 s
@854 
@855 p
@856 
@857 
@858 
@859 
@860 s
@861 
@862 p
@863 
@864 
@865 
@866 
@867 
@868 
@869 
@870 s
@871 
@872 r
@873 q
@874 
@875 p
@876 
@877 
@878 
@879 
@880 
@881 
@882 
@883 
@884 
@885 s
@886 
@887 p
@888 
@889 
@890 
@891 
@892 
@893 s
@894 
@895 p
@896 
@897 
@898 
@899 
@900 
@901 s
@902 
@903 p
@904 
@905 
@906 
@907 s
@908 
@909 r
@910 q
@911 
@912 p
@913 
@914 
@915 
@916 
@917 
@918 
@919 
@920 
@921 s
@922 
@923 p
@924 
@925 
@926 
@927 
@928 
@929 
@930 
@931 
@932 
@933 s
@934 
@935 p
@936 
@937 
@938 
@939 
@940 
@941 
@942 
@943 
@944 s
@945 
@946 r
@947 q
@948 
@949 p
@950 
@951 
@952 
@953 
@954 
@955 
@956 
@957 
@958 
@959 s
@960 
@961 p
@962 
@963 
@964 
@965 
@966 
@967 
@968 
@969 
@970 
@971 s
@972 
@973 p
@974 
@975 
@976 
@977 
@978 
@979 
@980 
@981 s
@982 
@983 p
@984 
@985 
@986 
@987 
@988 
@989 
@990 
@991 
@992 
@993 s
@994 
@995 r
@996 q
@997 
@998 p
@999 
@1000 
@1001 
@1002 
@1003 
@1004 
@1005 
@1006 s
@1007 
@1008 p
@1009 
@1010 
@1011 
@1012 
@1013 
@1014 
@1015 
@1016 s
@1017 
@1018 p
@1019 
@1020 
@1021 
@1022 
@1023 s
@1024 
@1025 p
@1026 
@1027 
@1028 
@1029 s
@1030 
@1031 p
@1032 
@1033 
@1034 
@1035 
@1036 s
@1037 
@1038 p
@1039 
@1040 
@1041 
@1042 s
@1043 
@1044 r
@1045 q
@1046 p
@1047 
@1048 
@1049 
@1050 
@1051 
@1052 
@1053 
@1054 
@1055 
@1056 
@1057 
@1058 r
