@0 q
@1 
@2 p
@3 
@4 
@5 
@6 
@7 
@8 
@9 
@10 
@11 s
@12 
@13 p
@14 
@15 
@16 
@17 
@18 
@19 
@20 
@21 
@22 s
@23 
@24 r
@25 q
@26 
@27 p
@28 
@29 
@30 
@31 
@32 
@33 s
@34 
@35 p
@36 
@37 
@38 
@39 
@40 
@41 
@42 s
@43 
@44 p
@45 
@46 
@47 
@48 
@49 
@50 
@51 s
@52 
@53 p
@54 
@55 
@56 
@57 
@58 
@59 s
@60 
@61 p
@62 
@63 
@64 
@65 s
@66 
@67 p
@68 
@69 
@70 
@71 
@72 
@73 s
@74 
@75 r
@76 q
@77 
@78 p
@79 
@80 
@81 
@82 
@83 
@84 
@85 
@86 
@87 s
@88 
@89 p
@90 
@91 
@92 
@93 s
@94 
@95 p
@96 
@97 
@98 
@99 s
@100 
@101 p
@102 
@103 
@104 
@105 
@106 
@107 
@108 s
@109 
@110 r
@111 q
@112 
@113 p
@114 
@115 
@116 
@117 
@118 
@119 
@120 
@121 
@122 
@123 s
@124 
@125 p
@126 
@127 
@128 
@129 
@130 
@131 
@132 s
@133 
@134 r
@135 q
@136 
@137 p
@138 
@139 
@140 
@141 
@142 s
@143 
@144 p
@145 
@146 
@147 
@148 
@149 
@150 
@151 
@152 s
@153 
@154 r
@155 q
@156 
@157 p
@158 
@159 
@160 
@161 
@162 
@163 
@164 
@165 
@166 
@167 s
@168 
@169 p
@170 
@171 
@172 
@173 
@174 
@175 s
@176 
@177 p
@178 
@179 
@180 
@181 
@182 
@183 
@184 
@185 
@186 
@187 s
@188 
@189 p
@190 
@191 
@192 
@193 
@194 
@195 s
@196 
@197 r
@198 q
@199 
@200 p
@201 
@202 
@203 
@204 
@205 
@206 s
@207 
@208 p
@209 
@210 
@211 
@212 s
@213 
@214 p
@215 
@216 
@217 
@218 
@219 
@220 
@221 
@222 
@223 s
@224 
@225 p
@226 
@227 
@228 
@229 
@230 
@231 
@232 
@233 
@234 s
@235 
@236 p
@237 
@238 
@239 
@240 
@241 
@242 
@243 s
@244 
@245 r
@246 q
@247 
@248 p
@249 
@250 
@251 
@252 
@253 
@254 
@255 
@256 s
@257 
@258 p
@259 
@260 
@261 
@262 
@263 
@264 
@265 s
@266 
@267 p
@268 
@269 
@270 
@271 
@272 
@273 
@274 
@275 
@276 
@277 s
@278 
@279 p
@280 
@281 
@282 
@283 s
@284 
@285 p
@286 
@287 
@288 
@289 
@290 s
@291 
@292 p
@293 
@294 
@295 
@296 s
@297 
@298 r
@299 q
@300 
@301 p
@302 
@303 
@304 
@305 
@306 
@307 s
@308 
@309 p
@310 
@311 
@312 
@313 
@314 
@315 
@316 
@317 s
@318 
@319 p
@320 
@321 
@322 
@323 
@324 s
@325 
@326 p
@327 
@328 
@329 
@330 
@331 
@332 
@333 
@334 
@335 
@336 s
@337 
@338 r
@339 q
@340 
@341 p
@342 
@343 
@344 
@345 
@346 
@347 
@348 s
@349 
@350 r
@351 q
@352 
@353 p
@354 
@355 
@356 
@357 
@358 
@359 
@360 
@361 s
@362 
@363 r
@364 q
@365 
@366 p
@367 
@368 
@369 
@370 
@371 
@372 
@373 
@374 
@375 s
@376 
@377 p
@378 
@379 
@380 
@381 
@382 s
@383 
@384 p
@385 
@386 
@387 
@388 
@389 
@390 
@391 
@392 
@393 
@394 s
@395 
@396 p
@397 
@398 
@399 
@400 
@401 
@402 s
@403 
@404 p
@405 
@406 
@407 
@408 
@409 s
@410 
@411 p
@412 
@413 
@414 
@415 s
@416 
@417 p
@418 
@419 
@420 
@421 
@422 
@423 
@424 
@425 
@426 
@427 s
@428 
@429 r
@430 q
@431 
@432 p
@433 
@434 
@435 
@436 
@437 
@438 s
@439 
@440 p
@441 
@442 
@443 
@444 
@445 
@446 s
@447 
@448 p
@449 
@450 
@451 
@452 
@453 
@454 
@455 
@456 s
@457 
@458 p
@459 
@460 
@461 
@462 s
@463 
@464 p
@465 
@466 
@467 
@468 
@469 
@470 s
@471 
@472 r
@473 q
@474 
@475 p
@476 
@477 
@478 
@479 
@480 
@481 
@482 
@483 
@484 s
@485 
@486 p
@487 
@488 
@489 
@490 
@491 
@492 
@493 
@494 
@495 s
@496 
@497 p
@498 
@499 
@500 
@501 
@502 
@503 
@504 
@505 s
@506 
@507 p
@508 
@509 
@510 
@511 
@512 s
@513 
@514 p
@515 
@516 
@517 
@518 
@519 
@520 
@521 s
@522 
@523 r
@524 q
@525 
@526 p
@527 
@528 
@529 
@530 
@531 
@532 
@533 s
@534 
@535 p
@536 
@537 
@538 
@539 
@540 
@541 
@542 
@543 s
@544 
@545 r
@546 q
@547 
@548 p
@549 
@550 
@551 
@552 
@553 
@554 s
@555 
@556 p
@557 
@558 
@559 
@560 
@561 s
@562 
@563 p
@564 
@565 
@566 
@567 
@568 
@569 
@570 s
@571 
@572 p
@573 
@574 
@575 
@576 s
@577 
@578 p
@579 
@580 
@581 
@582 
@583 
@584 
@585 
@586 
@587 
@588 s
@589 
@590 p
@591 
@592 
@593 
@594 
@595 
@596 
@597 
@598 
@599 s
@600 
@601 p
@602 
@603 
@604 
@605 s
@606 
@607 r
@608 q
@609 
@610 p
@611 
@612 
@613 
@614 
@615 
@616 
@617 
@618 
@619 
@620 s
@621 
@622 p
@623 
@624 
@625 
@626 
@627 
@628 s
@629 
@630 r
@631 q
@632 
@633 p
@634 
@635 
@636 
@637 
@638 
@639 s
@640 
@641 p
@642 
@643 
@644 
@645 s
@646 
@647 p
@648 
@649 
@650 
@651 
@652 s
@653 
@654 p
@655 
@656 
@657 
@658 
@659 
@660 s
@661 
@662 p
@663 
@664 
@665 
@666 s
@667 
@668 p
@669 
@670 
@671 
@672 
@673 s
@674 
@675 r
@676 q
@677 
@678 p
@679 
@680 
@681 
@682 
@683 
@684 
@685 
@686 
@687 
@688 s
@689 
@690 p
@691 
@692 
@693 
@694 
@695 
@696 s
@697 
@698 p
@699 
@700 
@701 
@702 
@703 
@704 
@705 
@706 
@707 
@708 s
@709 
@710 p
@711 
@712 
@713 
@714 
@715 
@716 s
@717 
@718 p
@719 
@720 
@721 
@722 
@723 
@724 s
@725 
@726 p
@727 
@728 
@729 
@730 
@731 s
@732 
@733 r
@734 q
@735 
@736 p
@737 
@738 
@739 
@740 
@741 
@742 s
@743 
@744 p
@745 
@746 
@747 
@748 
@749 
@750 
@751 
@752 
@753 
@754 s
@755 
@756 p
@757 
@758 
@759 
@760 
@761 
@762 
@763 s
@764 
@765 p
@766 
@767 
@768 
@769 
@770 
@771 
@772 s
@773 
@774 p
@775 
@776 
@777 
@778 
@779 
@780 
@781 
@782 
@783 
@784 s
@785 
@786 p
@787 
@788 
@789 
@790 
@791 
@792 
@793 
@794 s
@795 
@796 r
@797 q
@798 
@799 p
@800 
@801 
@802 
@803 
@804 
@805 
@806 s
@807 
@808 p
@809 
@810 
@811 
@812 
@813 
@814 
@815 s
@816 
@817 p
@818 
@819 
@820 
@821 
@822 
@823 
@824 s
@825 
@826 p
@827 
@828 
@829 
@830 
@831 
@832 
@833 
@834 s
@835 
@836 p
@837 
@838 
@839 
@840 s
@841 
@842 r
@843 q
@844 
@845 p
@846 
@847 
@848 
@849 
@850 
@851 
@852 
@853 s
@854 
@855 r
@856 q
@857 
@858 p
@859 
@860 
@861 
@862 s
@863 
@864 p
@865 
@866 
@867 
@868 
@869 
@870 
@871 
@872 
@873 
@874 s
@875 
@876 p
@877 
@878 
@879 
@880 
@881 
@882 
@883 s
@884 
@885 p
@886 
@887 
@888 
@889 
@890 
@891 
@892 
@893 
@894 
@895 s
@896 
@897 p
@898 
@899 
@900 
@901 
@902 
@903 
@904 
@905 
@906 s
@907 
@908 p
@909 
@910 
@911 
@912 
@913 
@914 
@915 
@916 
@917 
@918 s
@919 
@920 r
@921 q
@922 
@923 p
@924 
@925 
@926 
@927 
@928 
@929 
@930 s
@931 
@932 p
@933 
@934 
@935 
@936 
@937 
@938 
@939 
@940 s
@941 
@942 p
@943 
@944 
@945 
@946 
@947 
@948 s
@949 
@950 p
@951 
@952 
@953 
@954 
@955 
@956 s
@957 
@958 p
@959 
@960 
@961 
@962 
@963 
@964 
@965 
@966 s
@967 
@968 p
@969 
@970 
@971 
@972 
@973 
@974 s
@975 
@976 r
@977 q
@978 
@979 p
@980 
@981 
@982 
@983 
@984 s
@985 
@986 p
@987 
@988 
@989 
@990 
@991 
@992 
@993 
@994 
@995 s
@996 
@997 r
@998 q
@999 
@1000 p
@1001 
@1002 
@1003 
@1004 
@1005 
@1006 
@1007 
@1008 s
@1009 
@1010 p
@1011 
@1012 
@1013 
@1014 
@1015 
@1016 s
@1017 
@1018 r
@1019 q
@1020 p
@1021 
@1022 
@1023 
@1024 
@1025 
@1026 
@1027 
@1028 
@1029 
@1030 
@1031 
@1032 r
