@0 q
@1 
@2 p
@3 
@4 
@5 
@6 
@7 s
@8 
@9 p
@10 
@11 
@12 
@13 
@14 
@15 s
@16 
@17 p
@18 
@19 
@20 
@21 
@22 
@23 
@24 s
@25 
@26 p
@27 
@28 
@29 
@30 
@31 
@32 
@33 
@34 s
@35 
@36 p
@37 
@38 
@39 
@40 
@41 s
@42 
@43 r
@44 q
@45 
@46 p
@47 
@48 
@49 
@50 
@51 
@52 
@53 
@54 
@55 
@56 s
@57 
@58 r
@59 q
@60 
@61 p
@62 
@63 
@64 
@65 
@66 
@67 
@68 
@69 
@70 
@71 s
@72 
@73 p
@74 
@75 
@76 
@77 s
@78 
@79 p
@80 
@81 
@82 
@83 
@84 
@85 
@86 
@87 
@88 s
@89 
@90 p
@91 
@92 
@93 
@94 s
@95 
@96 p
@97 
@98 
@99 
@100 
@101 
@102 
@103 
@104 
@105 
@106 s
@107 
@108 p
@109 
@110 
@111 
@112 s
@113 
@114 r
@115 q
@116 
@117 p
@118 
@119 
@120 
@121 
@122 s
@123 
@124 p
@125 
@126 
@127 
@128 
@129 
@130 s
@131 
@132 r
@133 q
@134 
@135 p
@136 
@137 
@138 
@139 s
@140 
@141 p
@142 
@143 
@144 
@145 
@146 s
@147 
@148 r
@149 q
@150 
@151 p
@152 
@153 
@154 
@155 
@156 
@157 
@158 
@159 
@160 s
@161 
@162 p
@163 
@164 
@165 
@166 
@167 
@168 
@169 
@170 s
@171 
@172 p
@173 
@174 
@175 
@176 
@177 
@178 
@179 s
@180 
@181 p
@182 
@183 
@184 
@185 
@186 
@187 
@188 
@189 
@190 s
@191 
@192 r
@193 q
@194 
@195 p
@196 
@197 
@198 
@199 
@200 s
@201 
@202 p
@203 
@204 
@205 
@206 
@207 
@208 
@209 s
@210 
@211 p
@212 
@213 
@214 
@215 
@216 s
@217 
@218 p
@219 
@220 
@221 
@222 
@223 
@224 
@225 
@226 
@227 s
@228 
@229 p
@230 
@231 
@232 
@233 
@234 
@235 
@236 s
@237 
@238 r
@239 q
@240 
@241 p
@242 
@243 
@244 
@245 s
@246 
@247 p
@248 
@249 
@250 
@251 
@252 
@253 
@254 
@255 
@256 
@257 s
@258 
@259 p
@260 
@261 
@262 
@263 
@264 
@265 
@266 
@267 
@268 
@269 s
@270 
@271 p
@272 
@273 
@274 
@275 
@276 
@277 
@278 s
@279 
@280 p
@281 
@282 
@283 
@284 
@285 
@286 s
@287 
@288 p
@289 
@290 
@291 
@292 
@293 
@294 
@295 s
@296 
@297 p
@298 
@299 
@300 
@301 
@302 
@303 
@304 
@305 
@306 
@307 s
@308 
@309 r
@310 q
@311 
@312 p
@313 
@314 
@315 
@316 
@317 
@318 
@319 
@320 
@321 s
@322 
@323 p
@324 
@325 
@326 
@327 
@328 
@329 
@330 
@331 s
@332 
@333 p
@334 
@335 
@336 
@337 
@338 
@339 
@340 
@341 
@342 s
@343 
@344 p
@345 
@346 
@347 
@348 s
@349 
@350 p
@351 
@352 
@353 
@354 
@355 
@356 
@357 
@358 
@359 s
@360 
@361 p
@362 
@363 
@364 
@365 
@366 
@367 
@368 
@369 s
@370 
@371 r
@372 q
@373 
@374 p
@375 
@376 
@377 
@378 
@379 
@380 
@381 
@382 
@383 s
@384 
@385 p
@386 
@387 
@388 
@389 
@390 s
@391 
@392 p
@393 
@394 
@395 
@396 
@397 
@398 
@399 
@400 s
@401 
@402 p
@403 
@404 
@405 
@406 s
@407 
@408 p
@409 
@410 
@411 
@412 
@413 
@414 
@415 
@416 
@417 
@418 s
@419 
@420 r
@421 q
@422 
@423 p
@424 
@425 
@426 
@427 
@428 
@429 
@430 
@431 s
@432 
@433 p
@434 
@435 
@436 
@437 
@438 s
@439 
@440 r
@441 q
@442 
@443 p
@444 
@445 
@446 
@447 
@448 
@449 
@450 s
@451 
@452 p
@453 
@454 
@455 
@456 
@457 s
@458 
@459 p
@460 
@461 
@462 
@463 s
@464 
@465 p
@466 
@467 
@468 
@469 
@470 
@471 
@472 
@473 s
@474 
@475 p
@476 
@477 
@478 
@479 
@480 
@481 
@482 s
@483 
@484 p
@485 
@486 
@487 
@488 s
@489 
@490 r
@491 q
@492 
@493 p
@494 
@495 
@496 
@497 
@498 
@499 
@500 
@501 s
@502 
@503 p
@504 
@505 
@506 
@507 s
@508 
@509 r
@510 q
@511 
@512 p
@513 
@514 
@515 
@516 
@517 
@518 
@519 
@520 
@521 
@522 s
@523 
@524 p
@525 
@526 
@527 
@528 
@529 
@530 
@531 
@532 
@533 s
@534 
@535 p
@536 
@537 
@538 
@539 
@540 
@541 
@542 
@543 
@544 
@545 s
@546 
@547 p
@548 
@549 
@550 
@551 
@552 s
@553 
@554 p
@555 
@556 
@557 
@558 s
@559 
@560 r
@561 q
@562 
@563 p
@564 
@565 
@566 
@567 
@568 
@569 
@570 
@571 s
@572 
@573 p
@574 
@575 
@576 
@577 
@578 
@579 s
@580 
@581 p
@582 
@583 
@584 
@585 
@586 
@587 s
@588 
@589 p
@590 
@591 
@592 
@593 s
@594 
@595 p
@596 
@597 
@598 
@599 
@600 
@601 
@602 
@603 
@604 
@605 s
@606 
@607 p
@608 
@609 
@610 
@611 
@612 
@613 
@614 
@615 
@616 s
@617 
@618 r
@619 q
@620 
@621 p
@622 
@623 
@624 
@625 
@626 s
@627 
@628 r
@629 q
@630 
@631 p
@632 
@633 
@634 
@635 
@636 
@637 s
@638 
@639 r
@640 q
@641 
@642 p
@643 
@644 
@645 
@646 
@647 
@648 s
@649 
@650 p
@651 
@652 
@653 
@654 
@655 
@656 s
@657 
@658 p
@659 
@660 
@661 
@662 
@663 
@664 
@665 
@666 
@667 s
@668 
@669 p
@670 
@671 
@672 
@673 
@674 
@675 
@676 
@677 
@678 s
@679 
@680 p
@681 
@682 
@683 
@684 
@685 
@686 
@687 
@688 
@689 
@690 s
@691 
@692 r
@693 q
@694 
@695 p
@696 
@697 
@698 
@699 
@700 
@701 
@702 s
@703 
@704 p
@705 
@706 
@707 
@708 
@709 
@710 s
@711 
@712 p
@713 
@714 
@715 
@716 
@717 
@718 
@719 
@720 
@721 
@722 s
@723 
@724 p
@725 
@726 
@727 
@728 
@729 
@730 
@731 
@732 
@733 
@734 s
@735 
@736 p
@737 
@738 
@739 
@740 
@741 
@742 
@743 s
@744 
@745 r
@746 q
@747 
@748 p
@749 
@750 
@751 
@752 s
@753 
@754 r
@755 q
@756 
@757 p
@758 
@759 
@760 
@761 
@762 
@763 
@764 s
@765 
@766 p
@767 
@768 
@769 
@770 
@771 s
@772 
@773 p
@774 
@775 
@776 
@777 
@778 
@779 s
@780 
@781 p
@782 
@783 
@784 
@785 s
@786 
@787 p
@788 
@789 
@790 
@791 s
@792 
@793 p
@794 
@795 
@796 
@797 
@798 s
@799 
@800 r
@801 q
@802 
@803 p
@804 
@805 
@806 
@807 
@808 
@809 
@810 
@811 
@812 
@813 s
@814 
@815 r
@816 q
@817 
@818 p
@819 
@820 
@821 
@822 
@823 
@824 
@825 
@826 
@827 
@828 s
@829 
@830 p
@831 
@832 
@833 
@834 
@835 
@836 
@837 
@838 
@839 s
@840 
@841 p
@842 
@843 
@844 
@845 s
@846 
@847 p
@848 
@849 
@850 
@851 
@852 
@853 
@854 s
@855 
@856 p
@857 
@858 
@859 
@860 
@861 
@862 
@863 
@864 s
@865 
@866 p
@867 
@868 
@869 
@870 
@871 
@872 
@873 
@874 s
@875 
@876 r
@877 q
@878 
@879 p
@880 
@881 
@882 
@883 
@884 
@885 
@886 
@887 
@888 s
@889 
@890 p
@891 
@892 
@893 
@894 
@895 
@896 
@897 
@898 
@899 s
@900 
@901 p
@902 
@903 
@904 
@905 
@906 
@907 
@908 
@909 s
@910 
@911 r
@912 q
@913 
@914 p
@915 
@916 
@917 
@918 
@919 s
@920 
@921 r
@922 q
@923 
@924 p
@925 
@926 
@927 
@928 s
@929 
@930 r
@931 q
@932 
@933 p
@934 
@935 
@936 
@937 
@938 
@939 
@940 
@941 s
@942 
@943 p
@944 
@945 
@946 
@947 
@948 
@949 
@950 
@951 
@952 s
@953 
@954 r
@955 q
@956 
@957 p
@958 
@959 
@960 
@961 
@962 
@963 
@964 
@965 
@966 
@967 s
@968 
@969 p
@970 
@971 
@972 
@973 
@974 s
@975 
@976 p
@977 
@978 
@979 
@980 
@981 
@982 
@983 
@984 
@985 
@986 s
@987 
@988 p
@989 
@990 
@991 
@992 
@993 
@994 
@995 
@996 
@997 
@998 s
@999 
@1000 p
@1001 
@1002 
@1003 
@1004 
@1005 
@1006 
@1007 
@1008 
@1009 s
@1010 
@1011 p
@1012 
@1013 
@1014 
@1015 
@1016 
@1017 
@1018 s
@1019 
@1020 p
@1021 
@1022 
@1023 
@1024 
@1025 
@1026 
@1027 s
@1028 
@1029 r
@1030 q
@1031 p
@1032 
@1033 
@1034 
@1035 
@1036 
@1037 
@1038 
@1039 
@1040 
@1041 
@1042 
@1043 r
