@1302693138 select(user53,db3,[unknown],[unknown]);
@1302693469 select(user53,db3,[unknown],[unknown]);
@1302693494 select(user53,db3,[unknown],[unknown]);
@1302693517 select(user53,db3,[unknown],[unknown]);
@1302693657 select(user53,db3,[unknown],[unknown]);
@1302693681 select(user53,db3,[unknown],[unknown]);
@1302693794 select(user53,db3,[unknown],[unknown]);
@1302693814 select(user53,db3,[unknown],[unknown]);
@1302693826 select(user53,db3,[unknown],[unknown]);
@1302693827 select(user53,db3,[unknown],[unknown]);
@1302693848 select(user53,db3,[unknown],[unknown]);
@1302693877 select(user53,db3,[unknown],[unknown]);
@1302693918 select(user53,db3,[unknown],[unknown]);
@1302694483 select(user2,db3,[unknown],[unknown]);
@1302694484 select(user2,db3,[unknown],[unknown]);
@1302694497 select(user2,db3,[unknown],[unknown]);
@1302694498 select(user2,db3,[unknown],[unknown]);
@1302694499 select(user2,db3,[unknown],[unknown]);
@1302694500 select(user2,db3,[unknown],[unknown]);
@1302694520 select(user2,db2,[unknown],[unknown]);
@1302694521 select(user2,db2,[unknown],[unknown]);
@1302694522 select(user2,db2,[unknown],[unknown]);
@1302694527 select(user2,db2,[unknown],[unknown]);
@1302694528 select(user2,db2,[unknown],[unknown]);
@1302694529 select(user2,db2,[unknown],[unknown]);
@1302694530 select(user2,db2,[unknown],[unknown]);
@1302694531 select(user2,db2,[unknown],[unknown]);
@1302694736 select(user2,db2,[unknown],[unknown]);
@1302694737 select(user2,db2,[unknown],[unknown]);
@1302694738 select(user2,db2,[unknown],[unknown]);
@1302694779 select(user2,db3,[unknown],[unknown]);
@1302694780 select(user2,db3,[unknown],[unknown]);
@1302694797 select(user2,db3,[unknown],[unknown]);
@1302695121 select(user2,db3,[unknown],[unknown]);
@1302695125 select(user2,db3,[unknown],[unknown]);
@1302695126 select(user2,db3,[unknown],[unknown]);
@1302695127 select(user2,db3,[unknown],[unknown]);
@1302695128 select(user2,db3,[unknown],[unknown]);
@1302695136 select(user2,db3,[unknown],[unknown]);
@1302695152 select(user2,db3,[unknown],[unknown]);
@1302695212 select(user2,db3,[unknown],[unknown]);
@1302695213 select(user2,db3,[unknown],[unknown]);
@1302695214 select(user2,db3,[unknown],[unknown]);
@1302695223 select(user2,db3,[unknown],[unknown]);
@1302695224 select(user2,db3,[unknown],[unknown]);
@1302695235 select(user2,db2,[unknown],[unknown]);
@1302695236 select(user2,db2,[unknown],[unknown]);
@1302695237 select(user2,db2,[unknown],[unknown]);
@1302695456 select(user2,db2,[unknown],[unknown]);
@1302695469 select(user2,db2,[unknown],[unknown]);
@1302695484 select(user1,db3,[unknown],[unknown]);
@1302695485 select(user1,db3,[unknown],[unknown]);
@1302695486 select(user1,db3,[unknown],[unknown]);
@1302695487 select(user1,db3,[unknown],[unknown]);
@1302695488 select(user1,db3,[unknown],[unknown]);
@1302695489 select(user1,db3,[unknown],[unknown]);
@1302695564 insert(user2,db2,213,189810327);
@1302695573 insert(triggers,db3,193,189810327)(user2,db2,193,189810327);
@1302695578 select(user2,db2,[unknown],[unknown]);
@1302695580 select(user2,db2,[unknown],[unknown]);
@1302695581 select(user2,db2,[unknown],[unknown]);
@1302695592 select(user2,db2,[unknown],[unknown]);
@1302695597 select(user2,db2,[unknown],[unknown]);
@1302695610 select(user2,db3,[unknown],[unknown]);
@1302695616 select(user2,db3,[unknown],189810327);
@1302695628 select(user2,db3,[unknown],[unknown]);
@1302695636 select(user2,db2,[unknown],189810327);
@1302695676 select(user2,db2,[unknown],[unknown]);
@1302695685 insert(triggers,db3,193,189810328)(user2,db2,193,189810328);
@1302695689 select(user2,db2,[unknown],[unknown]);
@1302695703 select(user2,db3,[unknown],189810328);
@1302695735 select(user2,db2,[unknown],[unknown]);
@1302695740 select(user2,db2,[unknown],[unknown]);
@1302695769 update(triggers,db3,[unknown],[unknown])(user2,db2,[unknown],[unknown]);
@1302695775 select(user2,db2,[unknown],[unknown]);
@1302695789 select(user2,db3,[unknown],189810328);
@1302695791 select(user2,db3,[unknown],189810327);
@1302695811 select(user2,db2,[unknown],[unknown]);
@1302695815 select(user2,db2,[unknown],[unknown]);
@1302695822 delete(user2,db2,[unknown],189810327);
@1302695823 delete(triggers,db3,[unknown],[unknown]);
@1302695825 delete(triggers,db3,[unknown],[unknown])(user2,db2,[unknown],189810328);
@1302695833 select(user2,db2,[unknown],[unknown]);
@1302695850 select(user2,db3,[unknown],189810327);
@1302695852 select(user2,db3,[unknown],189810328);
@1302695972 select(user53,db3,[unknown],[unknown]);
@1302696481 select(user53,db3,[unknown],[unknown]);
@1302696514 select(user53,db3,[unknown],[unknown]);
@1302696549 select(user53,db3,[unknown],[unknown]);
@1302696609 select(user2,db3,[unknown],[unknown]);
@1302696610 select(user2,db3,[unknown],[unknown]);
@1302696611 select(user2,db3,[unknown],[unknown]);
@1302696612 select(user2,db3,[unknown],[unknown]);
@1302696613 select(user2,db3,[unknown],[unknown]);
@1302696643 select(user48,db3,24,[unknown]);
@1302696675 select(user48,db3,[unknown],[unknown]);
@1302696760 select(user48,db3,[unknown],[unknown]);
@1302696773 select(user48,db3,[unknown],[unknown]);
@1302696834 insert(user48,db3,[unknown],[unknown]);
@1302696835 insert(user48,db3,[unknown],[unknown]);
@1302696836 insert(user48,db3,[unknown],[unknown]);
@1302696837 insert(user48,db3,[unknown],[unknown]);
@1302696838 insert(user48,db3,[unknown],[unknown]);
@1302696839 insert(user48,db3,[unknown],[unknown]);
@1302696840 insert(user48,db3,[unknown],[unknown]);
@1302696841 insert(user48,db3,[unknown],[unknown]);
@1302696842 insert(user48,db3,[unknown],[unknown]);
@1302696843 insert(user48,db3,[unknown],[unknown]);
@1302696844 insert(user48,db3,[unknown],[unknown]);
@1302696845 insert(user48,db3,[unknown],[unknown]);
@1302696846 insert(user48,db3,[unknown],[unknown]);
@1302696847 insert(user48,db3,[unknown],[unknown]);
@1302696848 insert(user48,db3,[unknown],[unknown]);
@1302696849 insert(user48,db3,[unknown],[unknown]);
@1302696850 insert(user48,db3,[unknown],[unknown]);
@1302696851 insert(user48,db3,[unknown],[unknown]);
@1302696852 insert(user48,db3,[unknown],[unknown]);
@1302696853 insert(user48,db3,[unknown],[unknown]);
@1302696854 insert(user48,db3,[unknown],[unknown]);
@1302696855 insert(user48,db3,[unknown],[unknown]);
@1302696856 insert(user48,db3,[unknown],[unknown]);
@1302696857 insert(user48,db3,[unknown],[unknown]);
@1302696858 insert(user48,db3,[unknown],[unknown]);
@1302696859 insert(user48,db3,[unknown],[unknown]);
@1302696860 insert(user48,db3,[unknown],[unknown]);
@1302696861 insert(user48,db3,[unknown],[unknown]);
@1302696862 insert(user48,db3,[unknown],[unknown]);
@1302696863 insert(user48,db3,[unknown],[unknown]);
@1302696864 insert(user48,db3,[unknown],[unknown]);
@1302696865 insert(user48,db3,[unknown],[unknown]);
@1302696866 insert(user48,db3,[unknown],[unknown]);
@1302696867 insert(user48,db3,[unknown],[unknown]);
@1302696868 insert(user48,db3,[unknown],[unknown]);
@1302696869 insert(user48,db3,[unknown],[unknown]);
@1302696870 insert(user48,db3,[unknown],[unknown]);
@1302696871 insert(user48,db3,[unknown],[unknown]);
@1302696872 insert(user48,db3,[unknown],[unknown]);
@1302696873 insert(user48,db3,[unknown],[unknown]);
@1302696874 insert(user48,db3,[unknown],[unknown]);
@1302696875 insert(user48,db3,[unknown],[unknown]);
@1302696876 insert(user48,db3,[unknown],[unknown]);
@1302696877 insert(user48,db3,[unknown],[unknown]);
@1302696878 insert(user48,db3,[unknown],[unknown]);
@1302696879 insert(user48,db3,[unknown],[unknown]);
@1302696880 insert(user48,db3,[unknown],[unknown]);
@1302696881 insert(user48,db3,[unknown],[unknown]);
@1302696882 insert(user48,db3,[unknown],[unknown]);
@1302696883 select(user48,db3,[unknown],[unknown]);
@1302696884 insert(user48,db3,[unknown],[unknown]);
@1302696885 insert(user48,db3,[unknown],[unknown]);
@1302696886 insert(user48,db3,[unknown],[unknown]);
@1302696887 insert(user48,db3,[unknown],[unknown]);
@1302696888 insert(user48,db3,[unknown],[unknown]);
@1302696890 insert(user48,db3,[unknown],[unknown]);
@1302696891 insert(user48,db3,[unknown],[unknown]);
@1302696893 insert(user48,db3,[unknown],[unknown]);
@1302696894 insert(user48,db3,[unknown],[unknown]);
@1302696896 insert(user48,db3,[unknown],[unknown]);
@1302696897 insert(user48,db3,[unknown],[unknown]);
@1302696899 insert(user48,db3,[unknown],[unknown]);
@1302696901 insert(user48,db3,[unknown],[unknown]);
@1302696902 insert(user48,db3,[unknown],[unknown]);
@1302696904 insert(user48,db3,[unknown],[unknown]);
@1302696906 insert(user48,db3,[unknown],[unknown]);
@1302696907 insert(user48,db3,[unknown],[unknown]);
@1302696909 insert(user48,db3,[unknown],[unknown]);
@1302696911 insert(user48,db3,[unknown],[unknown]);
@1302696912 select(user48,db3,[unknown],[unknown]);
@1302696913 insert(user48,db3,[unknown],[unknown]);
@1302696915 insert(user48,db3,[unknown],[unknown]);
@1302696917 insert(user48,db3,[unknown],[unknown]);
@1302696918 insert(user48,db3,[unknown],[unknown]);
@1302696920 insert(user48,db3,[unknown],[unknown]);
@1302696922 insert(user48,db3,[unknown],[unknown]);
@1302696924 insert(user48,db3,[unknown],[unknown]);
@1302696926 insert(user48,db3,[unknown],[unknown]);
@1302696928 insert(user48,db3,[unknown],[unknown]);
@1302696930 insert(user48,db3,[unknown],[unknown]);
@1302696932 insert(user48,db3,[unknown],[unknown]);
@1302696935 insert(user48,db3,[unknown],[unknown]);
@1302696937 insert(user48,db3,[unknown],[unknown]);
@1302696939 insert(user48,db3,[unknown],[unknown]);
@1302696941 insert(user48,db3,[unknown],[unknown]);
@1302696944 insert(user48,db3,[unknown],[unknown]);
@1302696946 insert(user48,db3,[unknown],[unknown]);
@1302696949 insert(user48,db3,[unknown],[unknown]);
@1302696952 insert(user48,db3,[unknown],[unknown]);
@1302696954 insert(user48,db3,[unknown],[unknown]);
@1302696957 insert(user48,db3,[unknown],[unknown]);
@1302696960 insert(user48,db3,[unknown],[unknown]);
@1302696963 insert(user48,db3,[unknown],[unknown]);
@1302696965 insert(user48,db3,[unknown],[unknown]);
@1302696968 insert(user48,db3,[unknown],[unknown]);
@1302696971 insert(user48,db3,[unknown],[unknown]);
@1302696973 insert(user48,db3,[unknown],[unknown]);
@1302696976 insert(user48,db3,[unknown],[unknown]);
@1302696979 insert(user48,db3,[unknown],[unknown]);
@1302696982 insert(user48,db3,[unknown],[unknown]);
@1302696984 insert(user48,db3,[unknown],[unknown]);
@1302696988 insert(user48,db3,[unknown],[unknown]);
@1302696989 select(user48,db3,[unknown],[unknown]);
@1302696990 insert(user48,db3,[unknown],[unknown]);
@1302696993 insert(user48,db3,[unknown],[unknown]);
@1302696996 insert(user48,db3,[unknown],[unknown]);
@1302696999 insert(user48,db3,[unknown],[unknown]);
@1302697002 insert(user48,db3,[unknown],[unknown]);
@1302697005 insert(user48,db3,[unknown],[unknown]);
@1302697008 insert(user48,db3,[unknown],[unknown]);
@1302697011 insert(user48,db3,[unknown],[unknown]);
@1302697014 insert(user48,db3,[unknown],[unknown]);
@1302697017 insert(user48,db3,[unknown],[unknown]);
@1302697020 insert(user48,db3,[unknown],[unknown]);
@1302697023 insert(user48,db3,[unknown],[unknown]);
@1302697026 insert(user48,db3,[unknown],[unknown]);
@1302697029 insert(user48,db3,[unknown],[unknown]);
@1302697032 insert(user48,db3,[unknown],[unknown]);
@1302697035 insert(user48,db3,[unknown],[unknown]);
@1302697039 insert(user48,db3,[unknown],[unknown]);
@1302697042 insert(user48,db3,[unknown],[unknown]);
@1302697045 insert(user48,db3,[unknown],[unknown]);
@1302697048 insert(user48,db3,[unknown],[unknown]);
@1302697051 insert(user48,db3,[unknown],[unknown]);
@1302697054 insert(user48,db3,[unknown],[unknown]);
@1302697058 insert(user48,db3,[unknown],[unknown]);
@1302697061 insert(user48,db3,[unknown],[unknown]);
@1302697064 insert(user48,db3,[unknown],[unknown]);
@1302697068 insert(user48,db3,[unknown],[unknown]);
@1302697071 insert(user48,db3,[unknown],[unknown]);
@1302697074 insert(user48,db3,[unknown],[unknown]);
@1302697075 select(user53,db3,[unknown],[unknown]);
@1302697078 insert(user48,db3,[unknown],[unknown]);
@1302697081 insert(user48,db3,[unknown],[unknown]);
@1302697085 insert(user48,db3,[unknown],[unknown]);
@1302697088 insert(user48,db3,[unknown],[unknown]);
@1302697092 insert(user48,db3,[unknown],[unknown]);
@1302697095 insert(user48,db3,[unknown],[unknown]);
@1302697099 insert(user48,db3,[unknown],[unknown]);
@1302697102 insert(user48,db3,[unknown],[unknown]);
@1302697106 insert(user48,db3,[unknown],[unknown]);
@1302697109 insert(user48,db3,[unknown],[unknown]);
@1302697113 insert(user48,db3,[unknown],[unknown]);
@1302697116 insert(user48,db3,[unknown],[unknown]);
@1302697120 insert(user48,db3,[unknown],[unknown]);
@1302697123 insert(user48,db3,[unknown],[unknown]);
@1302697127 insert(user48,db3,[unknown],[unknown]);
@1302697130 insert(user48,db3,[unknown],[unknown]);
@1302697134 insert(user48,db3,[unknown],[unknown]);
@1302697137 insert(user48,db3,[unknown],[unknown]);
@1302697141 insert(user48,db3,[unknown],[unknown]);
@1302697145 insert(user48,db3,[unknown],[unknown]);
@1302697149 insert(user48,db3,[unknown],[unknown]);
