@0 a0 a1 a2 a3 a4 a6 a7 a9 aA aD
@0 a1 a2 a4 a5 a6 a7 a9 aE
@0 a0 a1 a2 a3 a4 a5 a7 a8 aA aB aD
@3 a0 a1 a2 a3 a5 a9 aB
@3 a1 a2 a3 a4 a6 a7 aA aB aC aF
@5 a0 a1 a2 a5 a7 aC aF
@5 a0 a1 a2 a3 a4 a5 a6 a7 a9 aA aC aE
@5 a0 a1 a2 a3 a6 a8 a9 aA aB aC
@5 a1 a2 a3 a6 a8 aC aD aE
@8 a0 a1 a2 a3 a5 a6 a7 a9 aB aC aD aE
@8 a0 a1 a2 a3 a5 a7 a8 a9 aC aF
@8 a0 a1 a2 a3 a4 a6 a9 aA aD aF
@8 a0 a1 a2 a3 a4 a5 a6 a9 aB aD aF
@10 a1 a2 a3 a5 a6 a7 aA aC
@10 a0 a1 a2 a3 a5 a6 a7 a8 a9 aA aB aE
@10 a0 a1 a2 a3 a6 a8 a9 aA aB aD
@10 a0 a1 a2 a3 a4 a8 a9 aA aB aF
@13 a0 a1 a2 a3 a5 a6 a7 aB aD aE
@15 a0 a1 a2 a3 a5 a7 a8 a9 aE
@15 a0 a1 a2 a3 a5 a8 a9 aA aE
@15 a0 a1 a3 a6 a9 aB aF
@19 a0 a1 a2 a4 a9 aA aC aE
@19 a0 a1 a2 a3 a4 a6 a7 a8 aA aC aF
@19 a0 a1 a2 a3 a4 a5 a9 aC aE
@19 a0 a1 a2 a3 a4 aA aB aE
@21 a0 a1 a2 a4 a9 aB aD aE aF
@21 a0 a1 a2 a3 a4 a6 a9 aC aF
@21 a0 a1 a2 a3 a6 a9 aA aB aC aD aE aF
@21 a0 a1 a2 a3 a4 a5 a6 a7 a8 a9 aA aC aD
@23 a0 a1 a3 a4 a7 a8 aE aF
@23 a0 a1 a2 a3 a4 a8 a9 aA aC aD aE
@27 a0 a1 a2 a3 a4 aD aF
@27 a1 a2 a3 a6 a7 a8 a9 aB aF
@27 a0 a1 a2 a3 a6 a8 aA aB aD
@27 a0 a1 a2 a3 a5 a6 a7 a9 aA aB aC aD aE aF
@28 a0 a1 a2 a3 a5 a8 aA aB aC aD aE
@28 a0 a1 a2 a3 a4 a5 a6 a7 a9 aC aD aF
@28 a0 a1 a2 a3 a6 a8 a9 aC aE aF
@28 a0 a1 a2 a3 a4 a5 a6 a8 aC aD aE aF
@31 a0 a1 a2 a3 a4 a5 a7 a8
@32 a0 a1 a2 a3 a5 a6 a9 aA aE aF
@34 a1 a2 a3 aE aF
@34 a0 a1 a2 a3 a4 a5 a6 a7 a8 aB aD aF
@34 a0 a1 a2 a3 a4 a5 a8 a9 aA aB aD aE
@38 a0 a1 a2 a3 a4 a6 a9 aD aE aF
@42 a0 a1 a2 a3 a4 a5 a8 a9 aA aB aD aE
@46 a0 a1 a2 a3 a5 a7 a9 aA aD aF
@46 a0 a1 a2 a3 a7 aA aB aC aE
@46 a0 a1 a2 a3 a4 a6 a9 aA aD aE
@46 a0 a1 a2 a3 a5 a7 a8 a9 aA aC
@50 a0 a1 a2 a3 a4 a6 a7 a9 aC aE aF
@50 a0 a1 a2 a3 a4 a5 a6 a7 aA aB aC aF
@54 a0 a1 a3 a4 a8 a9 aC
@54 a0 a1 a3 a5 a6 a8 a9 aB aC aD aF
@56 a0 a1 a2 a3 a7 a9 aC aD aF
@56 a0 a1 a2 a3 a4 a5 a7 a8 aB aC aE aF
@56 a0 a1 a2 a3 a4 a5 a6 a9 aA aB aF
@56 a0 a1 a2 a3 a6 a8 aB aD
@60 a0 a1 a2 a3 a4 a5 a8 a9 aA aC aF
@60 a0 a1 a2 a3 a5 a8 aA aD aE
@60 a0 a1 a2 a3 a4 a6 a7 a9 aC aD aE aF
@60 a0 a1 a3 a6 a7 a8 a9 aA aC aD aE aF
@63 a0 a1 a2 a3 a4 a8 aA aD aE aF
@63 a0 a1 a2 a3 a4 a7 aA aB aC aD aF
@64 a0 a1 a2 a3 a4 a5 a6 a8 aD
@64 a0 a1 a2 a3 a4 a5 a8 aB aD aF
@64 a0 a1 a2 a3 a4 aB aC aD aE
@68 a0 a1 a2 a3 a5 a6 a8
@68 a0 a1 a2 a3 a5 a6 a9 aC aD aE
@68 a0 a1 a2 a3 a4 a5 a8 aA aB aC
@69 a0 a1 a2 a3 a5 a7 a9 aB aD aE
@69 a0 a1 a2 a3 a8 aF
@70 a0 a1 a2 a3 a4 a5 a6 a7 aB aF
@70 a0 a1 a2 a3 a7 a9 aA aB aF
@74 a0 a1 a2 a3 a4 a5 a6 a7 a8 a9 aA aB aD aE aF
@75 a0 a1 a2 a5 a6 a7 a9 aD aE aF
@79 a0 a1 a2 a3 aA aD
@79 a0 a1 a2 a3 a6 a8 a9 aB aC aE
@79 a0 a1 a2 a3 a6 a7 a8 a9 aA aB aD aE
@80 a0 a1 a2 a3 a4 a5 a8 aA aD aE
@81 a0 a1 a2 a3 a8 a9 aA aC aD aF
@81 a0 a1 a2 a3 a4 a6 aB aC aD
@81 a0 a1 a2 a3 a4 a8 a9 aA aC aE aF
@81 a0 a1 a2 a5 a7 a9 aB aD
@81 a0 a1 a2 a3 a8 a9 aD aF
@85 a0 a1 a2 a3 a6 a9 aA aB
@89 a1 a2 a3 a4 aA aE aF
@89 a0 a1 a2 a3 a5 a6 aD aF
@89 a0 a1 a2 a3 a5 a7 a8 aA aB aC aE
@93 a0 a1 a2 a3 a8 a9 aB aC
@93 a0 a1 a2 a3 a4 a5 aF
@94 a0 a1 a2 a3 a4 a9 aB aD aE aF
@94 a0 a1 a2 a3 a4 a5 a6 a8 aB
@94 a0 a1 a3 a4 a5 a7 a9 aA aB aD aF
@94 a0 a1 a2 a3 a7 aB aC aD aE
@95 a0 a1 a2 a3 a5 a6 a8 aA aD aE aF
@96 a0 a1 a2 a3 a7 a9 aA aB aD aE aF
@100 a0 a1 a2 a3 a8 a9 aB aD aF
@104 a0 a1 a2 a3 a4 a9 aA aE
@104 a0 a1 a2 a3 a4 a6 a7 a8 a9 aB aD aE aF
@106 a0 a1 a2 a3 a4 a5 a6 a7 a8 aB aD aE aF
@107 a0 a1 a2 a3 aC
@107 a0 a1 a2 a3 a4 a5 a7 a8 aE aF
@110 a0 a1 a2 a3 a8 aE aF
@110 a0 a1 a2 a3 a4 a8 a9 aA aB aC aE aF
@110 a0 a1 a2 a3 a4 a5 a7 a8 a9 aB aF
@112 a0 a1 a2 a3 a8 a9 aA aC
@112 a0 a1 a2 a3 a4 a7 a8 a9 aA aC aE aF
@112 a0 a1 a2 a3 a5 a6 aD
@112 a0 a1 a3 a6 a7 aA aB aD aF
@114 a0 a1 a2 a3 a7 a8 aA aB aC aE aF
@114 a0 a1 a2 a3 a4 a5 a6 a7 a8 a9 aA aC aE aF
@114 a0 a1 a2 a3 a4 a5 a7 a9 aA aB aC aE aF
@117 a0 a1 a2 a3 a4 a5 a7 a9 aA aD
@117 a0 a1 a2 a3 a5 a7 a8 aA aC aD aF
@117 a0 a1 a2 a3 a4 a5 a6 aA aB aC aE aF
@120 a0 a1 a2 a3 a4 a5 a7 a8 a9 aA aB
@120 a0 a1 a2 a3 aA aE aF
@121 a0 a1 a2 a3 a5 a6 a9 aA aB aC aD
@121 a0 a1 a2 a3 a7 a8 a9 aB aD aE
@124 a0 a1 a2 a3 a4 a6 a7 a9 aB aD
@127 a0 a1 a2 a3 a4 a8 a9 aA aC aD
@127 a0 a2 a3 a4 a5 a7 a8 aB aC aE
@127 a0 a1 a3 a6 a8 aA aC
@127 a0 a1 a2 a3 a4 a5 a7 aC aD aE aF
@129 a0 a1 a2 a4 a5 a8 a9 aB aE aF
@129 a0 a1 a2 a3 a4 a5 a6 a7 a8 a9 aC aE
@129 a0 a1 a2 a3 a5 a8 aC aD aE
@130 a0 a1 a3 a8 aA aC aD
@130 a0 a1 a2 a3 a4 a5 a7 a9 aB aC aD aF
@130 a0 a1 a2 a3 a9 aB aE
@133 a0 a1 a2 a3 a4 a7 a8 aD aE aF
@134 a0 a1 a2 a3 a4 a5 a6 a8 a9 aB aC aF
@134 a0 a1 a2 a3 a5 a7 a9 aA aB aC aD aE aF
@136 a0 a1 a2 a3 a4 a7 a8 aC aE aF
@136 a0 a1 a2 a3 a6 a7 aB aC aD
@138 a0 a1 a2 a3 a6 a7 a8
@138 a0 a1 a2 a3 a4 aA aB aC aE
@138 a0 a1 a2 a3 a4 a5 a6 a7 a8 aA aB aE
@138 a0 a1 a2 a3 a4 a5 a6 a8 aC aD aE aF
@138 a0 a1 a2 a3 a4 a5 a6 a7 a8 a9 aA aB aC aD aF
@140 a0 a1 a2 a3 a5 a8 aA aC aD aE
@140 a0 a1 a2 a3 a4 a5 a6 a7
@140 a0 a1 a2 a3 a4 a5 a8 a9 aA aB aC aD aE
@140 a0 a1 a2 a3 aE
@144 a0 a1 a2 a3 a7 a8 aA aB aC aE aF
@144 a0 a1 a2 a3 a4 aB aE
@144 a0 a2 a3 a4 a6 a9 aC aE
@144 a0 a1 a2 a3 aA aB aC aD aE aF
@146 a0 a1 a2 a3 a4 a5 a6 a7 a8 a9 aB aD aE
@146 a0 a1 a2 a3 a4 a5 aC aD aE
@146 a0 a1 a2 a3 a4 a7 a8 aA aB aC aD
@146 a0 a1 a2 a3 a4 a6 aA aB aC aE
@148 a0 a1 a2 a6 a7 a8 aA aB aC aE
@148 a0 a1 a2 a3 a4 a8 aC
@148 a0 a1 a2 a3 a5 a8 a9 aE aF
@149 a0 a1 a2 a3 a5 a6 aA aB aC aD aF
@149 a0 a1 a2 a3 a4 a5 a7 a8 aA aB aE
@149 a0 a2 a3 a7 a8 aA aB aC aD aE aF
@151 a0 a1 a2 a3 a4 a5 a7 a8 a9 aA aC aE aF
@154 a0 a1 a2 a6 aB aC aF
@154 a0 a1 a2 a3 a4 a5 a6 a7 a8 a9 aB aD
@154 a0 a2 a3 a4 a6 a9 aB aC aE
@154 a0 a1 a2 a3 a5 a6 a7 a8 a9 aB aC
@156 a0 a1 a2 a3 a4 a6 a8 a9 aA aC aD
@156 a0 a1 a2 a3 a9 aC aD aE
@160 a0 a1 a2 a3 a4 a5 a6 a7 aA aB aD aF
@160 a0 a1 a2 a6 a7 aA aC aD aE
@160 a0 a1 a2 a3 a5 a6 a7 a8 aF
@163 a0 a1 a2 a3 a4 a5 a6 a8 a9 aA aB aC aE aF
@166 a0 a1 a2 a3 a4 a7 a9 aA aB aC aD
@166 a0 a1 a2 a3 a4 a7 a8 aB aC aD aE
@168 a0 a1 a2 a3 a7 a8 a9 aB aE
@169 a0 a1 a2 a3 a4 a6 a7 a8 a9 aF
@169 a0 a1 a2 a3 a4 a5 a7 a9 aB aC aD aF
@169 a0 a1 a2 a3 a5 aA aC aD aE
@169 a0 a1 a2 a3 a4 a7 a9 aA aB aD aE aF
@172 a0 a1 a2 a4 a5 a7 a8 a9 aB aE aF
@172 a0 a1 a2 a3 a5 a6 aA aB aC aE aF
@172 a0 a1 a3 a6 a7 aA aB aC aE
@173 a0 a1 a2 a3 a7 aF
@173 a0 a1 a2 a3 a4 a5 a6 a7 aA aB aE aF
@173 a0 a1 a2 a5 a7 a9 aC aD aF
@176 a0 a1 a2 a3 a4 a5 a6 a7 a9 aA aB aC aE
@176 a0 a1 a2 a3 a5 a6 aA aB aC aD aE aF
@176 a0 a1 a2 a3 a4 a5 a8 aB aC aD aE aF
@177 a0 a1 a2 a3 a4 a6 a8 a9 aA aD aE aF
@177 a0 a1 a2 a3 a8 a9 aA aB aC aE aF
@179 a0 a1 a2 a3 a4 a5 a6 a7 aB aD aE aF
@179 a0 a1 a2 a3 a4 a6 a7 a8 a9 aB aD aE aF
@179 a0 a2 a3 a6 a7 a8 a9 aA aB aC aD aE aF
@180 a1 a2 a3 a4 a5 a7 a8 a9 aA aB aE
@183 a0 a1 a2 a3 a4 a5 a7 a8 a9 aA aB aD aE aF
@183 a0 a1 a2 a3 a4 a5 a8 aD aF
@186 a0 a1 a3 a4 a8 aA aB aF
@189 a0 a1 a2 a3 a5 a6 a7 a8 aA aD aE
@189 a0 a1 a2 a3 a5 a6 a7 a8 a9 aB
@189 a0 a1 a2 a3 a4 a5 a8 aA aB aC
@189 a0 a1 a2 a3 a5 a6 a7 aC
@192 a0 a1 a2 a3 a4 a5 aA aB aD
@194 a0 a1 a2 a3 a6 a8 a9 aC aE aF
@197 a0 a1 a2 a3 a4 a6 a8 a9 aF
@197 a0 a1 a2 a3 a7 a8 aB aF
@197 a0 a1 a2 a3 a4 a5 a6 a7 a8 a9 aD aE aF
@197 a0 a1 a2 a3 a4 a6 a8 a9 aA aC aD
@201 a0 a1 a2 a3 a5 a8 aB aC aD
@201 a0 a1 a2 a3 a9 aA aC aF
@201 a0 a1 a2 a3 a4 a5 a6 a9 aA aC aE aF
@201 a0 a1 a2 a3 a4 a5 a6 a7 a8 aD aF
@204 a0 a1 a2 a3 a5 a6 a8 aA aB aC aE aF
@205 a0 a1 a2 a3 a5 a7 aC aF
@205 a0 a1 a3 a4 a6 a7 a8 a9 aD aE
@206 a0 a1 a2 a3 a4 a5 a8 a9 aA aB aC aD aF
@206 a0 a1 a2 a3 a5 a9 aA aC aD aF
@210 a0 a1 a2 a3 a4 a5 a6 a9 aB aC aF
@210 a1 a2 a3 a4 a5 a8 aA aD
@210 a0 a1 a3 a4 a6 a8 aB aE aF
@212 a0 a2 a3 a7 a8 aA aB aC aD
@212 a0 a1 a2 a3 a6 a7 a8 aA aB aC aD aF
@212 a0 a1 a2 a3 a4 a8 a9 aC
@212 a0 a1 a2 a3 a5 a9 aA aB aC aF
@214 a0 a1 a2 a3 a7 a9 aA aB aD aE
@217 a0 a1 a2 a3 a4 a5 a8 aB aC aD aF
@217 a0 a1 a2 a3 a5 a6 a9 aA aB aE aF
@219 a0 a1 a2 a3 a4 a5 a6 a8 aB aC aE
@219 a0 a1 a2 a3 a5 a7 a8 aA aE aF
@219 a0 a1 a2 a3 a7 a8 aA aB aC aE
@221 a0 a1 a2 a3 a4 a6 a9 aA aB aE aF
@222 a0 a1 a2 a3 a4 a6 a8 aB
@222 a0 a1 a2 a3 a4 a5 a8 aB aC aD
@223 a0 a1 a2 a3 a6 a8 a9 aF
@223 a0 a1 a2 a3 a6 a7 aB aD aE aF
@223 a0 a1 a2 a3 a4 a6 a7
@227 a0 a1 a2 a3 a4 a6 a7 a9
@227 a1 a2 a3 a4 a7 a8
@227 a0 a1 a2 a3 a9 aA aB aD aE
@227 a0 a1 a2 a3 a4 a5 aA aC
@231 a0 a1 a2 a3 a9 aA aB aC
@231 a0 a1 a2 a8 a9 aA aB aC aE aF
@231 a0 a1 a2 a3 a7 a8 aD
@231 a0 a1 a2 a3 a4 a9 aB aD aF
@231 a0 a1 a2 a3 a6 a7 a8 a9 aA aB aD
@235 a0 a1 a2 a3 a4 a6 a9 aA aD aE aF
@235 a0 a1 a2 a3 a4 a5 a7 aA aB aC aD aE aF
@237 a0 a1 a2 a3 a4 a8 aA aB aC aF
@237 a0 a1 a2 a3 a5 a7 a8 aA aB aE
@237 a0 a1 a2 a3 a4 a9 aB
@239 a0 a1 a2 a3 a4 a6 a7 a8 a9 aA aB aD aE aF
@239 a0 a1 a2 a4 a5 a6 a7 a8 a9 aC aD
@239 a0 a1 a2 a3 a4 a5 a8 aA aD aE
@239 a0 a1 a2 a3 a4 a5 a6 a7 a8 aA aC
@240 a0 a1 a2 a3 a4 a7 a9 aC aD aE aF
@240 a0 a1 a2 a3 a4 a5 a7 aA aC
@240 a0 a1 a3 a4 a7 a8 aB aC aD aF
@244 a0 a1 a2 a4 a5 a6 a7 a8 a9 aA aC
@244 a0 a1 a2 a3 a6 a8 a9 aB aC aD
@244 a0 a1 a2 a3 a6 a7 a8 a9 aA aC aE