@0 acq(9,9)
@1 read(9,3)
@2 acq(13,19)
@3 acq(15,3)
@4 acq(18,15)
@5 read(13,5)
@6 write(15,4)
@7 write(15,3)
@8 acq(17,13)
@9 write(15,9)
@10 write(13,13)
@11 acq(8,11)
@12 write(18,4)
@13 rel(9,9)
@14 acq(10,10)
@15 read(15,4)
@16 write(15,9)
@17 write(13,10)
@18 acq(7,6)
@19 acq(0,5)
@20 acq(9,9)
@21 read(9,3)
@22 acq(13,19)
@23 acq(15,3)
@24 acq(18,15)
@25 read(13,5)
@26 write(15,4)
@27 write(15,3)
@28 acq(17,13)
@29 write(15,9)
@30 write(13,13)
@31 acq(8,11)
@32 write(18,4)
@33 rel(9,9)
@34 acq(10,10)
@35 read(15,4)
@36 write(15,9)
@37 write(13,10)
@38 acq(7,6)
@39 acq(0,5)
@40 acq(9,9)
@41 read(9,3)
@42 acq(13,19)
@43 acq(15,3)
@44 acq(18,15)
@45 read(13,5)
@46 write(15,4)
@47 write(15,3)
@48 acq(17,13)
@49 write(15,9)
@50 write(13,13)
@51 acq(8,11)
@52 write(18,4)
@53 rel(9,9)
@54 acq(10,10)
@55 read(15,4)
@56 write(15,9)
@57 write(13,10)
@58 acq(7,6)
@59 acq(0,5)